{"/Users/jeremybanka/learn/pizza-parlor/src/js/core/Pizza.js": {"path":"/Users/jeremybanka/learn/pizza-parlor/src/js/core/Pizza.js","statementMap":{"0":{"start":{"line":8,"column":2},"end":{"line":8,"column":14}},"1":{"start":{"line":11,"column":2},"end":{"line":11,"column":27}},"2":{"start":{"line":12,"column":2},"end":{"line":12,"column":65}},"3":{"start":{"line":13,"column":2},"end":{"line":13,"column":17}},"4":{"start":{"line":14,"column":2},"end":{"line":19,"column":3}},"5":{"start":{"line":20,"column":2},"end":{"line":34,"column":3}},"6":{"start":{"line":37,"column":0},"end":{"line":50,"column":1}},"7":{"start":{"line":38,"column":2},"end":{"line":48,"column":3}},"8":{"start":{"line":42,"column":6},"end":{"line":42,"column":28}},"9":{"start":{"line":43,"column":6},"end":{"line":43,"column":11}},"10":{"start":{"line":45,"column":6},"end":{"line":45,"column":26}},"11":{"start":{"line":46,"column":6},"end":{"line":46,"column":11}},"12":{"start":{"line":47,"column":13},"end":{"line":47,"column":66}},"13":{"start":{"line":49,"column":2},"end":{"line":49,"column":22}},"14":{"start":{"line":52,"column":0},"end":{"line":55,"column":1}},"15":{"start":{"line":53,"column":24},"end":{"line":53,"column":60}},"16":{"start":{"line":54,"column":2},"end":{"line":54,"column":45}},"17":{"start":{"line":57,"column":0},"end":{"line":62,"column":1}},"18":{"start":{"line":58,"column":24},"end":{"line":58,"column":59}},"19":{"start":{"line":59,"column":2},"end":{"line":59,"column":46}},"20":{"start":{"line":60,"column":2},"end":{"line":60,"column":30}},"21":{"start":{"line":61,"column":2},"end":{"line":61,"column":22}},"22":{"start":{"line":64,"column":0},"end":{"line":71,"column":1}},"23":{"start":{"line":65,"column":2},"end":{"line":65,"column":49}},"24":{"start":{"line":66,"column":2},"end":{"line":66,"column":52}},"25":{"start":{"line":67,"column":2},"end":{"line":67,"column":52}},"26":{"start":{"line":68,"column":2},"end":{"line":68,"column":19}},"27":{"start":{"line":69,"column":2},"end":{"line":69,"column":18}},"28":{"start":{"line":70,"column":2},"end":{"line":70,"column":15}},"29":{"start":{"line":73,"column":0},"end":{"line":84,"column":1}},"30":{"start":{"line":74,"column":20},"end":{"line":74,"column":47}},"31":{"start":{"line":75,"column":21},"end":{"line":75,"column":50}},"32":{"start":{"line":76,"column":21},"end":{"line":76,"column":50}},"33":{"start":{"line":77,"column":22},"end":{"line":77,"column":23}},"34":{"start":{"line":78,"column":2},"end":{"line":81,"column":3}},"35":{"start":{"line":78,"column":15},"end":{"line":78,"column":16}},"36":{"start":{"line":79,"column":26},"end":{"line":79,"column":49}},"37":{"start":{"line":80,"column":4},"end":{"line":80,"column":56}},"38":{"start":{"line":82,"column":21},"end":{"line":82,"column":72}},"39":{"start":{"line":83,"column":2},"end":{"line":83,"column":25}},"40":{"start":{"line":86,"column":0},"end":{"line":128,"column":1}},"41":{"start":{"line":87,"column":20},"end":{"line":94,"column":6}},"42":{"start":{"line":88,"column":4},"end":{"line":93,"column":5}},"43":{"start":{"line":89,"column":16},"end":{"line":89,"column":30}},"44":{"start":{"line":90,"column":16},"end":{"line":90,"column":31}},"45":{"start":{"line":91,"column":16},"end":{"line":91,"column":30}},"46":{"start":{"line":92,"column":15},"end":{"line":92,"column":60}},"47":{"start":{"line":95,"column":15},"end":{"line":103,"column":6}},"48":{"start":{"line":96,"column":4},"end":{"line":102,"column":5}},"49":{"start":{"line":97,"column":22},"end":{"line":97,"column":41}},"50":{"start":{"line":98,"column":25},"end":{"line":98,"column":55}},"51":{"start":{"line":99,"column":24},"end":{"line":99,"column":53}},"52":{"start":{"line":100,"column":19},"end":{"line":100,"column":38}},"53":{"start":{"line":101,"column":15},"end":{"line":101,"column":62}},"54":{"start":{"line":104,"column":19},"end":{"line":112,"column":6}},"55":{"start":{"line":105,"column":4},"end":{"line":111,"column":5}},"56":{"start":{"line":106,"column":21},"end":{"line":106,"column":42}},"57":{"start":{"line":107,"column":20},"end":{"line":107,"column":34}},"58":{"start":{"line":108,"column":22},"end":{"line":108,"column":44}},"59":{"start":{"line":109,"column":19},"end":{"line":109,"column":28}},"60":{"start":{"line":110,"column":15},"end":{"line":110,"column":62}},"61":{"start":{"line":113,"column":23},"end":{"line":113,"column":48}},"62":{"start":{"line":114,"column":2},"end":{"line":114,"column":71}},"63":{"start":{"line":114,"column":49},"end":{"line":114,"column":70}},"64":{"start":{"line":115,"column":2},"end":{"line":115,"column":48}},"65":{"start":{"line":115,"column":16},"end":{"line":115,"column":48}},"66":{"start":{"line":116,"column":15},"end":{"line":126,"column":6}},"67":{"start":{"line":117,"column":4},"end":{"line":125,"column":5}},"68":{"start":{"line":118,"column":14},"end":{"line":118,"column":30}},"69":{"start":{"line":119,"column":14},"end":{"line":119,"column":38}},"70":{"start":{"line":120,"column":14},"end":{"line":120,"column":68}},"71":{"start":{"line":122,"column":28},"end":{"line":122,"column":56}},"72":{"start":{"line":123,"column":36},"end":{"line":123,"column":61}},"73":{"start":{"line":124,"column":8},"end":{"line":124,"column":59}},"74":{"start":{"line":127,"column":2},"end":{"line":127,"column":48}},"75":{"start":{"line":130,"column":0},"end":{"line":200,"column":1}},"76":{"start":{"line":131,"column":22},"end":{"line":131,"column":24}},"77":{"start":{"line":132,"column":27},"end":{"line":157,"column":3}},"78":{"start":{"line":159,"column":23},"end":{"line":159,"column":63}},"79":{"start":{"line":160,"column":26},"end":{"line":191,"column":6}},"80":{"start":{"line":161,"column":19},"end":{"line":161,"column":39}},"81":{"start":{"line":162,"column":23},"end":{"line":162,"column":48}},"82":{"start":{"line":163,"column":29},"end":{"line":163,"column":67}},"83":{"start":{"line":164,"column":27},"end":{"line":164,"column":56}},"84":{"start":{"line":165,"column":25},"end":{"line":165,"column":49}},"85":{"start":{"line":166,"column":17},"end":{"line":166,"column":22}},"86":{"start":{"line":167,"column":16},"end":{"line":167,"column":23}},"87":{"start":{"line":168,"column":17},"end":{"line":168,"column":19}},"88":{"start":{"line":170,"column":4},"end":{"line":172,"column":5}},"89":{"start":{"line":171,"column":6},"end":{"line":171,"column":25}},"90":{"start":{"line":171,"column":26},"end":{"line":171,"column":55}},"91":{"start":{"line":173,"column":4},"end":{"line":175,"column":63}},"92":{"start":{"line":174,"column":6},"end":{"line":174,"column":26}},"93":{"start":{"line":175,"column":11},"end":{"line":175,"column":63}},"94":{"start":{"line":175,"column":40},"end":{"line":175,"column":61}},"95":{"start":{"line":176,"column":4},"end":{"line":176,"column":64}},"96":{"start":{"line":176,"column":46},"end":{"line":176,"column":62}},"97":{"start":{"line":178,"column":4},"end":{"line":180,"column":5}},"98":{"start":{"line":179,"column":6},"end":{"line":179,"column":23}},"99":{"start":{"line":179,"column":24},"end":{"line":179,"column":39}},"100":{"start":{"line":181,"column":4},"end":{"line":183,"column":5}},"101":{"start":{"line":182,"column":6},"end":{"line":182,"column":23}},"102":{"start":{"line":182,"column":24},"end":{"line":182,"column":47}},"103":{"start":{"line":184,"column":4},"end":{"line":184,"column":81}},"104":{"start":{"line":184,"column":42},"end":{"line":184,"column":57}},"105":{"start":{"line":184,"column":58},"end":{"line":184,"column":79}},"106":{"start":{"line":185,"column":4},"end":{"line":185,"column":67}},"107":{"start":{"line":185,"column":40},"end":{"line":185,"column":65}},"108":{"start":{"line":186,"column":4},"end":{"line":189,"column":5}},"109":{"start":{"line":187,"column":6},"end":{"line":187,"column":24}},"110":{"start":{"line":187,"column":25},"end":{"line":187,"column":43}},"111":{"start":{"line":188,"column":6},"end":{"line":188,"column":55}},"112":{"start":{"line":188,"column":31},"end":{"line":188,"column":53}},"113":{"start":{"line":190,"column":4},"end":{"line":190,"column":36}},"114":{"start":{"line":193,"column":2},"end":{"line":199,"column":3}},"115":{"start":{"line":194,"column":4},"end":{"line":194,"column":27}},"116":{"start":{"line":196,"column":38},"end":{"line":196,"column":77}},"117":{"start":{"line":197,"column":21},"end":{"line":197,"column":51}},"118":{"start":{"line":198,"column":4},"end":{"line":198,"column":31}}},"fnMap":{"0":{"name":"Pizza","decl":{"start":{"line":7,"column":24},"end":{"line":7,"column":29}},"loc":{"start":{"line":7,"column":32},"end":{"line":35,"column":1}},"line":7},"1":{"name":"(anonymous_1)","decl":{"start":{"line":37,"column":31},"end":{"line":37,"column":32}},"loc":{"start":{"line":37,"column":51},"end":{"line":50,"column":1}},"line":37},"2":{"name":"(anonymous_2)","decl":{"start":{"line":52,"column":29},"end":{"line":52,"column":30}},"loc":{"start":{"line":52,"column":44},"end":{"line":55,"column":1}},"line":52},"3":{"name":"(anonymous_3)","decl":{"start":{"line":57,"column":32},"end":{"line":57,"column":33}},"loc":{"start":{"line":57,"column":47},"end":{"line":62,"column":1}},"line":57},"4":{"name":"(anonymous_4)","decl":{"start":{"line":64,"column":32},"end":{"line":64,"column":33}},"loc":{"start":{"line":64,"column":44},"end":{"line":71,"column":1}},"line":64},"5":{"name":"(anonymous_5)","decl":{"start":{"line":73,"column":29},"end":{"line":73,"column":30}},"loc":{"start":{"line":73,"column":41},"end":{"line":84,"column":1}},"line":73},"6":{"name":"(anonymous_6)","decl":{"start":{"line":86,"column":28},"end":{"line":86,"column":29}},"loc":{"start":{"line":86,"column":40},"end":{"line":128,"column":1}},"line":86},"7":{"name":"(anonymous_7)","decl":{"start":{"line":87,"column":21},"end":{"line":87,"column":22}},"loc":{"start":{"line":87,"column":27},"end":{"line":94,"column":3}},"line":87},"8":{"name":"(anonymous_8)","decl":{"start":{"line":95,"column":16},"end":{"line":95,"column":17}},"loc":{"start":{"line":95,"column":22},"end":{"line":103,"column":3}},"line":95},"9":{"name":"(anonymous_9)","decl":{"start":{"line":104,"column":20},"end":{"line":104,"column":21}},"loc":{"start":{"line":104,"column":26},"end":{"line":112,"column":3}},"line":104},"10":{"name":"(anonymous_10)","decl":{"start":{"line":114,"column":38},"end":{"line":114,"column":39}},"loc":{"start":{"line":114,"column":49},"end":{"line":114,"column":70}},"line":114},"11":{"name":"(anonymous_11)","decl":{"start":{"line":116,"column":16},"end":{"line":116,"column":17}},"loc":{"start":{"line":116,"column":22},"end":{"line":126,"column":3}},"line":116},"12":{"name":"(anonymous_12)","decl":{"start":{"line":130,"column":25},"end":{"line":130,"column":26}},"loc":{"start":{"line":130,"column":37},"end":{"line":200,"column":1}},"line":130},"13":{"name":"(anonymous_13)","decl":{"start":{"line":160,"column":27},"end":{"line":160,"column":28}},"loc":{"start":{"line":160,"column":33},"end":{"line":191,"column":3}},"line":160}},"branchMap":{"0":{"loc":{"start":{"line":38,"column":2},"end":{"line":48,"column":3}},"type":"switch","locations":[{"start":{"line":39,"column":4},"end":{"line":39,"column":16}},{"start":{"line":40,"column":4},"end":{"line":40,"column":17}},{"start":{"line":41,"column":4},"end":{"line":43,"column":11}},{"start":{"line":44,"column":4},"end":{"line":46,"column":11}},{"start":{"line":47,"column":4},"end":{"line":47,"column":66}}],"line":38},"1":{"loc":{"start":{"line":88,"column":4},"end":{"line":93,"column":5}},"type":"switch","locations":[{"start":{"line":89,"column":6},"end":{"line":89,"column":30}},{"start":{"line":90,"column":6},"end":{"line":90,"column":31}},{"start":{"line":91,"column":6},"end":{"line":91,"column":30}},{"start":{"line":92,"column":6},"end":{"line":92,"column":60}}],"line":88},"2":{"loc":{"start":{"line":96,"column":4},"end":{"line":102,"column":5}},"type":"switch","locations":[{"start":{"line":97,"column":6},"end":{"line":97,"column":41}},{"start":{"line":98,"column":6},"end":{"line":98,"column":55}},{"start":{"line":99,"column":6},"end":{"line":99,"column":53}},{"start":{"line":100,"column":6},"end":{"line":100,"column":38}},{"start":{"line":101,"column":6},"end":{"line":101,"column":62}}],"line":96},"3":{"loc":{"start":{"line":105,"column":4},"end":{"line":111,"column":5}},"type":"switch","locations":[{"start":{"line":106,"column":6},"end":{"line":106,"column":42}},{"start":{"line":107,"column":6},"end":{"line":107,"column":34}},{"start":{"line":108,"column":6},"end":{"line":108,"column":44}},{"start":{"line":109,"column":6},"end":{"line":109,"column":28}},{"start":{"line":110,"column":6},"end":{"line":110,"column":62}}],"line":105},"4":{"loc":{"start":{"line":115,"column":2},"end":{"line":115,"column":48}},"type":"if","locations":[{"start":{"line":115,"column":2},"end":{"line":115,"column":48}},{"start":{"line":115,"column":2},"end":{"line":115,"column":48}}],"line":115},"5":{"loc":{"start":{"line":117,"column":4},"end":{"line":125,"column":5}},"type":"switch","locations":[{"start":{"line":118,"column":6},"end":{"line":118,"column":30}},{"start":{"line":119,"column":6},"end":{"line":119,"column":38}},{"start":{"line":120,"column":6},"end":{"line":120,"column":68}},{"start":{"line":121,"column":6},"end":{"line":124,"column":59}}],"line":117},"6":{"loc":{"start":{"line":170,"column":4},"end":{"line":172,"column":5}},"type":"if","locations":[{"start":{"line":170,"column":4},"end":{"line":172,"column":5}},{"start":{"line":170,"column":4},"end":{"line":172,"column":5}}],"line":170},"7":{"loc":{"start":{"line":170,"column":8},"end":{"line":170,"column":49}},"type":"binary-expr","locations":[{"start":{"line":170,"column":8},"end":{"line":170,"column":18}},{"start":{"line":170,"column":22},"end":{"line":170,"column":49}}],"line":170},"8":{"loc":{"start":{"line":173,"column":4},"end":{"line":175,"column":63}},"type":"if","locations":[{"start":{"line":173,"column":4},"end":{"line":175,"column":63}},{"start":{"line":173,"column":4},"end":{"line":175,"column":63}}],"line":173},"9":{"loc":{"start":{"line":175,"column":11},"end":{"line":175,"column":63}},"type":"if","locations":[{"start":{"line":175,"column":11},"end":{"line":175,"column":63}},{"start":{"line":175,"column":11},"end":{"line":175,"column":63}}],"line":175},"10":{"loc":{"start":{"line":176,"column":4},"end":{"line":176,"column":64}},"type":"if","locations":[{"start":{"line":176,"column":4},"end":{"line":176,"column":64}},{"start":{"line":176,"column":4},"end":{"line":176,"column":64}}],"line":176},"11":{"loc":{"start":{"line":178,"column":4},"end":{"line":180,"column":5}},"type":"if","locations":[{"start":{"line":178,"column":4},"end":{"line":180,"column":5}},{"start":{"line":178,"column":4},"end":{"line":180,"column":5}}],"line":178},"12":{"loc":{"start":{"line":178,"column":8},"end":{"line":178,"column":78}},"type":"binary-expr","locations":[{"start":{"line":178,"column":8},"end":{"line":178,"column":44}},{"start":{"line":178,"column":48},"end":{"line":178,"column":78}}],"line":178},"13":{"loc":{"start":{"line":181,"column":4},"end":{"line":183,"column":5}},"type":"if","locations":[{"start":{"line":181,"column":4},"end":{"line":183,"column":5}},{"start":{"line":181,"column":4},"end":{"line":183,"column":5}}],"line":181},"14":{"loc":{"start":{"line":184,"column":4},"end":{"line":184,"column":81}},"type":"if","locations":[{"start":{"line":184,"column":4},"end":{"line":184,"column":81}},{"start":{"line":184,"column":4},"end":{"line":184,"column":81}}],"line":184},"15":{"loc":{"start":{"line":185,"column":4},"end":{"line":185,"column":67}},"type":"if","locations":[{"start":{"line":185,"column":4},"end":{"line":185,"column":67}},{"start":{"line":185,"column":4},"end":{"line":185,"column":67}}],"line":185},"16":{"loc":{"start":{"line":186,"column":4},"end":{"line":189,"column":5}},"type":"if","locations":[{"start":{"line":186,"column":4},"end":{"line":189,"column":5}},{"start":{"line":186,"column":4},"end":{"line":189,"column":5}}],"line":186},"17":{"loc":{"start":{"line":188,"column":6},"end":{"line":188,"column":55}},"type":"if","locations":[{"start":{"line":188,"column":6},"end":{"line":188,"column":55}},{"start":{"line":188,"column":6},"end":{"line":188,"column":55}}],"line":188},"18":{"loc":{"start":{"line":193,"column":2},"end":{"line":199,"column":3}},"type":"if","locations":[{"start":{"line":193,"column":2},"end":{"line":199,"column":3}},{"start":{"line":193,"column":2},"end":{"line":199,"column":3}}],"line":193}},"s":{"0":14,"1":14,"2":14,"3":14,"4":14,"5":14,"6":3,"7":5,"8":4,"9":4,"10":1,"11":1,"12":0,"13":5,"14":3,"15":3,"16":3,"17":3,"18":2,"19":2,"20":2,"21":2,"22":3,"23":8,"24":8,"25":8,"26":8,"27":8,"28":8,"29":3,"30":9,"31":9,"32":9,"33":9,"34":9,"35":9,"36":11,"37":11,"38":9,"39":9,"40":3,"41":9,"42":9,"43":0,"44":9,"45":0,"46":0,"47":9,"48":9,"49":5,"50":4,"51":0,"52":0,"53":0,"54":9,"55":9,"56":9,"57":0,"58":0,"59":0,"60":0,"61":9,"62":9,"63":11,"64":9,"65":9,"66":9,"67":9,"68":0,"69":1,"70":5,"71":3,"72":3,"73":3,"74":9,"75":3,"76":8,"77":8,"78":8,"79":8,"80":8,"81":8,"82":8,"83":8,"84":8,"85":8,"86":8,"87":8,"88":8,"89":2,"90":2,"91":8,"92":1,"93":7,"94":0,"95":8,"96":1,"97":8,"98":0,"99":0,"100":8,"101":0,"102":0,"103":8,"104":0,"105":0,"106":8,"107":0,"108":8,"109":0,"110":0,"111":0,"112":0,"113":8,"114":8,"115":0,"116":8,"117":8,"118":8},"f":{"0":14,"1":5,"2":3,"3":2,"4":8,"5":9,"6":9,"7":9,"8":9,"9":9,"10":11,"11":9,"12":8,"13":8},"b":{"0":[1,3,4,1,0],"1":[0,9,0,0],"2":[5,4,0,0,0],"3":[9,0,0,0,0],"4":[9,0],"5":[0,1,5,3],"6":[2,6],"7":[8,7],"8":[1,7],"9":[0,7],"10":[1,7],"11":[0,8],"12":[8,0],"13":[0,8],"14":[0,8],"15":[0,8],"16":[0,8],"17":[0,0],"18":[0,8]},"_coverageSchema":"1a1c01bbd47fc00a2c39e90264f33305004495a9","hash":"9de07ae098a6468fe411998513f840b9c076d1e3"}
,"/Users/jeremybanka/learn/pizza-parlor/src/js/core/Session.js": {"path":"/Users/jeremybanka/learn/pizza-parlor/src/js/core/Session.js","statementMap":{"0":{"start":{"line":5,"column":23},"end":{"line":5,"column":32}},"1":{"start":{"line":6,"column":33},"end":{"line":6,"column":52}},"2":{"start":{"line":7,"column":34},"end":{"line":7,"column":54}},"3":{"start":{"line":8,"column":30},"end":{"line":8,"column":46}},"4":{"start":{"line":9,"column":29},"end":{"line":9,"column":44}},"5":{"start":{"line":10,"column":20},"end":{"line":10,"column":26}},"6":{"start":{"line":13,"column":2},"end":{"line":13,"column":17}},"7":{"start":{"line":14,"column":2},"end":{"line":14,"column":20}},"8":{"start":{"line":15,"column":2},"end":{"line":18,"column":3}},"9":{"start":{"line":19,"column":2},"end":{"line":34,"column":3}},"10":{"start":{"line":37,"column":0},"end":{"line":43,"column":1}},"11":{"start":{"line":38,"column":18},"end":{"line":38,"column":42}},"12":{"start":{"line":39,"column":2},"end":{"line":42,"column":3}},"13":{"start":{"line":40,"column":4},"end":{"line":40,"column":36}},"14":{"start":{"line":41,"column":4},"end":{"line":41,"column":40}},"15":{"start":{"line":45,"column":0},"end":{"line":50,"column":1}},"16":{"start":{"line":46,"column":2},"end":{"line":49,"column":3}},"17":{"start":{"line":47,"column":4},"end":{"line":47,"column":39}},"18":{"start":{"line":48,"column":4},"end":{"line":48,"column":38}},"19":{"start":{"line":52,"column":0},"end":{"line":62,"column":1}},"20":{"start":{"line":53,"column":23},"end":{"line":53,"column":58}},"21":{"start":{"line":54,"column":2},"end":{"line":54,"column":74}},"22":{"start":{"line":54,"column":20},"end":{"line":54,"column":74}},"23":{"start":{"line":55,"column":23},"end":{"line":55,"column":59}},"24":{"start":{"line":56,"column":2},"end":{"line":56,"column":71}},"25":{"start":{"line":56,"column":20},"end":{"line":56,"column":71}},"26":{"start":{"line":57,"column":2},"end":{"line":57,"column":20}},"27":{"start":{"line":58,"column":2},"end":{"line":58,"column":26}},"28":{"start":{"line":59,"column":2},"end":{"line":59,"column":24}},"29":{"start":{"line":60,"column":2},"end":{"line":60,"column":38}},"30":{"start":{"line":61,"column":2},"end":{"line":61,"column":33}},"31":{"start":{"line":64,"column":0},"end":{"line":67,"column":1}},"32":{"start":{"line":65,"column":16},"end":{"line":65,"column":27}},"33":{"start":{"line":66,"column":2},"end":{"line":66,"column":24}},"34":{"start":{"line":69,"column":0},"end":{"line":79,"column":1}},"35":{"start":{"line":70,"column":23},"end":{"line":70,"column":58}},"36":{"start":{"line":71,"column":2},"end":{"line":71,"column":72}},"37":{"start":{"line":71,"column":20},"end":{"line":71,"column":72}},"38":{"start":{"line":72,"column":23},"end":{"line":72,"column":71}},"39":{"start":{"line":72,"column":52},"end":{"line":72,"column":70}},"40":{"start":{"line":73,"column":2},"end":{"line":73,"column":79}},"41":{"start":{"line":73,"column":27},"end":{"line":73,"column":79}},"42":{"start":{"line":74,"column":2},"end":{"line":74,"column":36}},"43":{"start":{"line":75,"column":2},"end":{"line":75,"column":23}},"44":{"start":{"line":76,"column":2},"end":{"line":76,"column":25}},"45":{"start":{"line":77,"column":24},"end":{"line":77,"column":47}},"46":{"start":{"line":78,"column":2},"end":{"line":78,"column":51}},"47":{"start":{"line":78,"column":21},"end":{"line":78,"column":51}},"48":{"start":{"line":81,"column":0},"end":{"line":90,"column":1}},"49":{"start":{"line":82,"column":24},"end":{"line":82,"column":50}},"50":{"start":{"line":83,"column":2},"end":{"line":83,"column":27}},"51":{"start":{"line":83,"column":21},"end":{"line":83,"column":27}},"52":{"start":{"line":84,"column":29},"end":{"line":84,"column":69}},"53":{"start":{"line":85,"column":2},"end":{"line":85,"column":72}},"54":{"start":{"line":85,"column":26},"end":{"line":85,"column":72}},"55":{"start":{"line":86,"column":2},"end":{"line":86,"column":48}},"56":{"start":{"line":87,"column":23},"end":{"line":87,"column":60}},"57":{"start":{"line":88,"column":2},"end":{"line":88,"column":47}},"58":{"start":{"line":89,"column":2},"end":{"line":89,"column":26}},"59":{"start":{"line":92,"column":0},"end":{"line":97,"column":1}},"60":{"start":{"line":93,"column":2},"end":{"line":93,"column":76}},"61":{"start":{"line":93,"column":30},"end":{"line":93,"column":76}},"62":{"start":{"line":94,"column":23},"end":{"line":94,"column":60}},"63":{"start":{"line":95,"column":2},"end":{"line":95,"column":73}},"64":{"start":{"line":95,"column":27},"end":{"line":95,"column":73}},"65":{"start":{"line":96,"column":2},"end":{"line":96,"column":47}},"66":{"start":{"line":99,"column":0},"end":{"line":105,"column":1}},"67":{"start":{"line":100,"column":14},"end":{"line":100,"column":15}},"68":{"start":{"line":101,"column":2},"end":{"line":103,"column":4}},"69":{"start":{"line":102,"column":4},"end":{"line":102,"column":23}},"70":{"start":{"line":104,"column":2},"end":{"line":104,"column":14}}},"fnMap":{"0":{"name":"Session","decl":{"start":{"line":12,"column":24},"end":{"line":12,"column":31}},"loc":{"start":{"line":12,"column":34},"end":{"line":35,"column":1}},"line":12},"1":{"name":"(anonymous_1)","decl":{"start":{"line":37,"column":34},"end":{"line":37,"column":35}},"loc":{"start":{"line":37,"column":46},"end":{"line":43,"column":1}},"line":37},"2":{"name":"(anonymous_2)","decl":{"start":{"line":45,"column":34},"end":{"line":45,"column":35}},"loc":{"start":{"line":45,"column":46},"end":{"line":50,"column":1}},"line":45},"3":{"name":"(anonymous_3)","decl":{"start":{"line":52,"column":31},"end":{"line":52,"column":32}},"loc":{"start":{"line":52,"column":48},"end":{"line":62,"column":1}},"line":52},"4":{"name":"(anonymous_4)","decl":{"start":{"line":64,"column":29},"end":{"line":64,"column":30}},"loc":{"start":{"line":64,"column":41},"end":{"line":67,"column":1}},"line":64},"5":{"name":"(anonymous_5)","decl":{"start":{"line":69,"column":36},"end":{"line":69,"column":37}},"loc":{"start":{"line":69,"column":54},"end":{"line":79,"column":1}},"line":69},"6":{"name":"(anonymous_6)","decl":{"start":{"line":72,"column":44},"end":{"line":72,"column":45}},"loc":{"start":{"line":72,"column":52},"end":{"line":72,"column":70}},"line":72},"7":{"name":"(anonymous_7)","decl":{"start":{"line":81,"column":31},"end":{"line":81,"column":32}},"loc":{"start":{"line":81,"column":49},"end":{"line":90,"column":1}},"line":81},"8":{"name":"(anonymous_8)","decl":{"start":{"line":92,"column":31},"end":{"line":92,"column":32}},"loc":{"start":{"line":92,"column":49},"end":{"line":97,"column":1}},"line":92},"9":{"name":"(anonymous_9)","decl":{"start":{"line":99,"column":34},"end":{"line":99,"column":35}},"loc":{"start":{"line":99,"column":46},"end":{"line":105,"column":1}},"line":99},"10":{"name":"(anonymous_10)","decl":{"start":{"line":101,"column":21},"end":{"line":101,"column":22}},"loc":{"start":{"line":101,"column":29},"end":{"line":103,"column":3}},"line":101}},"branchMap":{"0":{"loc":{"start":{"line":39,"column":2},"end":{"line":42,"column":3}},"type":"if","locations":[{"start":{"line":39,"column":2},"end":{"line":42,"column":3}},{"start":{"line":39,"column":2},"end":{"line":42,"column":3}}],"line":39},"1":{"loc":{"start":{"line":46,"column":2},"end":{"line":49,"column":3}},"type":"if","locations":[{"start":{"line":46,"column":2},"end":{"line":49,"column":3}},{"start":{"line":46,"column":2},"end":{"line":49,"column":3}}],"line":46},"2":{"loc":{"start":{"line":54,"column":2},"end":{"line":54,"column":74}},"type":"if","locations":[{"start":{"line":54,"column":2},"end":{"line":54,"column":74}},{"start":{"line":54,"column":2},"end":{"line":54,"column":74}}],"line":54},"3":{"loc":{"start":{"line":56,"column":2},"end":{"line":56,"column":71}},"type":"if","locations":[{"start":{"line":56,"column":2},"end":{"line":56,"column":71}},{"start":{"line":56,"column":2},"end":{"line":56,"column":71}}],"line":56},"4":{"loc":{"start":{"line":71,"column":2},"end":{"line":71,"column":72}},"type":"if","locations":[{"start":{"line":71,"column":2},"end":{"line":71,"column":72}},{"start":{"line":71,"column":2},"end":{"line":71,"column":72}}],"line":71},"5":{"loc":{"start":{"line":73,"column":2},"end":{"line":73,"column":79}},"type":"if","locations":[{"start":{"line":73,"column":2},"end":{"line":73,"column":79}},{"start":{"line":73,"column":2},"end":{"line":73,"column":79}}],"line":73},"6":{"loc":{"start":{"line":78,"column":2},"end":{"line":78,"column":51}},"type":"if","locations":[{"start":{"line":78,"column":2},"end":{"line":78,"column":51}},{"start":{"line":78,"column":2},"end":{"line":78,"column":51}}],"line":78},"7":{"loc":{"start":{"line":83,"column":2},"end":{"line":83,"column":27}},"type":"if","locations":[{"start":{"line":83,"column":2},"end":{"line":83,"column":27}},{"start":{"line":83,"column":2},"end":{"line":83,"column":27}}],"line":83},"8":{"loc":{"start":{"line":85,"column":2},"end":{"line":85,"column":72}},"type":"if","locations":[{"start":{"line":85,"column":2},"end":{"line":85,"column":72}},{"start":{"line":85,"column":2},"end":{"line":85,"column":72}}],"line":85},"9":{"loc":{"start":{"line":93,"column":2},"end":{"line":93,"column":76}},"type":"if","locations":[{"start":{"line":93,"column":2},"end":{"line":93,"column":76}},{"start":{"line":93,"column":2},"end":{"line":93,"column":76}}],"line":93},"10":{"loc":{"start":{"line":95,"column":2},"end":{"line":95,"column":73}},"type":"if","locations":[{"start":{"line":95,"column":2},"end":{"line":95,"column":73}},{"start":{"line":95,"column":2},"end":{"line":95,"column":73}}],"line":95}},"s":{"0":3,"1":3,"2":3,"3":3,"4":3,"5":3,"6":13,"7":13,"8":13,"9":13,"10":3,"11":7,"12":7,"13":6,"14":6,"15":3,"16":0,"17":0,"18":0,"19":3,"20":5,"21":5,"22":1,"23":4,"24":4,"25":1,"26":3,"27":3,"28":3,"29":3,"30":3,"31":3,"32":2,"33":2,"34":3,"35":1,"36":1,"37":0,"38":1,"39":1,"40":1,"41":0,"42":1,"43":1,"44":1,"45":1,"46":1,"47":1,"48":3,"49":4,"50":4,"51":2,"52":2,"53":2,"54":1,"55":1,"56":1,"57":1,"58":1,"59":3,"60":3,"61":1,"62":2,"63":2,"64":0,"65":2,"66":3,"67":0,"68":0,"69":0,"70":0},"f":{"0":13,"1":7,"2":0,"3":5,"4":2,"5":1,"6":1,"7":4,"8":3,"9":0,"10":0},"b":{"0":[6,1],"1":[0,0],"2":[1,4],"3":[1,3],"4":[0,1],"5":[0,1],"6":[1,0],"7":[2,2],"8":[1,1],"9":[1,2],"10":[0,2]},"_coverageSchema":"1a1c01bbd47fc00a2c39e90264f33305004495a9","hash":"ade41d35844cf710c6f4ba7a6188bad1a49bb629"}
,"/Users/jeremybanka/learn/pizza-parlor/src/js/core/index.js": {"path":"/Users/jeremybanka/learn/pizza-parlor/src/js/core/index.js","statementMap":{},"fnMap":{},"branchMap":{},"s":{},"f":{},"b":{},"_coverageSchema":"1a1c01bbd47fc00a2c39e90264f33305004495a9","hash":"2565a34cea5a7e05e8164d3f47294402978612ea"}
,"/Users/jeremybanka/learn/pizza-parlor/src/js/core/data/priceSheet.js": {"path":"/Users/jeremybanka/learn/pizza-parlor/src/js/core/data/priceSheet.js","statementMap":{},"fnMap":{},"branchMap":{},"s":{},"f":{},"b":{},"_coverageSchema":"1a1c01bbd47fc00a2c39e90264f33305004495a9","hash":"347e0d67898e6fcef5ea68fbe278710da481f9de"}
,"/Users/jeremybanka/learn/pizza-parlor/src/js/core/extensions/array.js": {"path":"/Users/jeremybanka/learn/pizza-parlor/src/js/core/extensions/array.js","statementMap":{"0":{"start":{"line":4,"column":18},"end":{"line":11,"column":1}},"1":{"start":{"line":5,"column":21},"end":{"line":5,"column":28}},"2":{"start":{"line":6,"column":19},"end":{"line":6,"column":64}},"3":{"start":{"line":7,"column":2},"end":{"line":9,"column":3}},"4":{"start":{"line":8,"column":4},"end":{"line":8,"column":45}},"5":{"start":{"line":8,"column":33},"end":{"line":8,"column":45}},"6":{"start":{"line":10,"column":2},"end":{"line":10,"column":13}},"7":{"start":{"line":13,"column":19},"end":{"line":23,"column":1}},"8":{"start":{"line":14,"column":21},"end":{"line":14,"column":28}},"9":{"start":{"line":15,"column":24},"end":{"line":15,"column":69}},"10":{"start":{"line":16,"column":2},"end":{"line":18,"column":3}},"11":{"start":{"line":17,"column":4},"end":{"line":17,"column":50}},"12":{"start":{"line":17,"column":38},"end":{"line":17,"column":50}},"13":{"start":{"line":19,"column":2},"end":{"line":21,"column":3}},"14":{"start":{"line":20,"column":4},"end":{"line":20,"column":61}},"15":{"start":{"line":20,"column":49},"end":{"line":20,"column":61}},"16":{"start":{"line":22,"column":2},"end":{"line":22,"column":13}},"17":{"start":{"line":25,"column":18},"end":{"line":33,"column":1}},"18":{"start":{"line":26,"column":21},"end":{"line":26,"column":28}},"19":{"start":{"line":27,"column":19},"end":{"line":27,"column":64}},"20":{"start":{"line":28,"column":19},"end":{"line":28,"column":20}},"21":{"start":{"line":29,"column":2},"end":{"line":31,"column":3}},"22":{"start":{"line":30,"column":4},"end":{"line":30,"column":47}},"23":{"start":{"line":30,"column":32},"end":{"line":30,"column":47}},"24":{"start":{"line":32,"column":2},"end":{"line":32,"column":19}},"25":{"start":{"line":35,"column":18},"end":{"line":43,"column":1}},"26":{"start":{"line":36,"column":21},"end":{"line":36,"column":28}},"27":{"start":{"line":37,"column":19},"end":{"line":37,"column":64}},"28":{"start":{"line":38,"column":19},"end":{"line":38,"column":20}},"29":{"start":{"line":39,"column":2},"end":{"line":41,"column":3}},"30":{"start":{"line":40,"column":4},"end":{"line":40,"column":47}},"31":{"start":{"line":40,"column":32},"end":{"line":40,"column":47}},"32":{"start":{"line":42,"column":2},"end":{"line":42,"column":20}}},"fnMap":{"0":{"name":"(anonymous_0)","decl":{"start":{"line":4,"column":18},"end":{"line":4,"column":19}},"loc":{"start":{"line":4,"column":37},"end":{"line":11,"column":1}},"line":4},"1":{"name":"(anonymous_1)","decl":{"start":{"line":13,"column":19},"end":{"line":13,"column":20}},"loc":{"start":{"line":13,"column":38},"end":{"line":23,"column":1}},"line":13},"2":{"name":"(anonymous_2)","decl":{"start":{"line":25,"column":18},"end":{"line":25,"column":19}},"loc":{"start":{"line":25,"column":37},"end":{"line":33,"column":1}},"line":25},"3":{"name":"(anonymous_3)","decl":{"start":{"line":35,"column":18},"end":{"line":35,"column":19}},"loc":{"start":{"line":35,"column":37},"end":{"line":43,"column":1}},"line":35}},"branchMap":{"0":{"loc":{"start":{"line":6,"column":19},"end":{"line":6,"column":64}},"type":"cond-expr","locations":[{"start":{"line":6,"column":47},"end":{"line":6,"column":57}},{"start":{"line":6,"column":60},"end":{"line":6,"column":64}}],"line":6},"1":{"loc":{"start":{"line":8,"column":4},"end":{"line":8,"column":45}},"type":"if","locations":[{"start":{"line":8,"column":4},"end":{"line":8,"column":45}},{"start":{"line":8,"column":4},"end":{"line":8,"column":45}}],"line":8},"2":{"loc":{"start":{"line":15,"column":24},"end":{"line":15,"column":69}},"type":"cond-expr","locations":[{"start":{"line":15,"column":52},"end":{"line":15,"column":62}},{"start":{"line":15,"column":65},"end":{"line":15,"column":69}}],"line":15},"3":{"loc":{"start":{"line":17,"column":4},"end":{"line":17,"column":50}},"type":"if","locations":[{"start":{"line":17,"column":4},"end":{"line":17,"column":50}},{"start":{"line":17,"column":4},"end":{"line":17,"column":50}}],"line":17},"4":{"loc":{"start":{"line":20,"column":4},"end":{"line":20,"column":61}},"type":"if","locations":[{"start":{"line":20,"column":4},"end":{"line":20,"column":61}},{"start":{"line":20,"column":4},"end":{"line":20,"column":61}}],"line":20},"5":{"loc":{"start":{"line":27,"column":19},"end":{"line":27,"column":64}},"type":"cond-expr","locations":[{"start":{"line":27,"column":47},"end":{"line":27,"column":57}},{"start":{"line":27,"column":60},"end":{"line":27,"column":64}}],"line":27},"6":{"loc":{"start":{"line":30,"column":4},"end":{"line":30,"column":47}},"type":"if","locations":[{"start":{"line":30,"column":4},"end":{"line":30,"column":47}},{"start":{"line":30,"column":4},"end":{"line":30,"column":47}}],"line":30},"7":{"loc":{"start":{"line":37,"column":19},"end":{"line":37,"column":64}},"type":"cond-expr","locations":[{"start":{"line":37,"column":47},"end":{"line":37,"column":57}},{"start":{"line":37,"column":60},"end":{"line":37,"column":64}}],"line":37},"8":{"loc":{"start":{"line":40,"column":4},"end":{"line":40,"column":47}},"type":"if","locations":[{"start":{"line":40,"column":4},"end":{"line":40,"column":47}},{"start":{"line":40,"column":4},"end":{"line":40,"column":47}}],"line":40}},"s":{"0":2,"1":12,"2":12,"3":12,"4":14,"5":9,"6":3,"7":2,"8":2,"9":2,"10":2,"11":5,"12":1,"13":1,"14":4,"15":0,"16":1,"17":2,"18":17,"19":17,"20":17,"21":17,"22":50,"23":3,"24":17,"25":2,"26":17,"27":17,"28":17,"29":17,"30":34,"31":15,"32":17},"f":{"0":12,"1":2,"2":17,"3":17},"b":{"0":[9,3],"1":[9,5],"2":[0,2],"3":[1,4],"4":[0,4],"5":[16,1],"6":[3,47],"7":[8,9],"8":[15,19]},"_coverageSchema":"1a1c01bbd47fc00a2c39e90264f33305004495a9","hash":"a460faa33174bbdbd32626406e46b679fe84fa56"}
,"/Users/jeremybanka/learn/pizza-parlor/src/js/core/extensions/index.js": {"path":"/Users/jeremybanka/learn/pizza-parlor/src/js/core/extensions/index.js","statementMap":{"0":{"start":{"line":5,"column":15},"end":{"line":5,"column":52}},"1":{"start":{"line":5,"column":28},"end":{"line":5,"column":52}},"2":{"start":{"line":8,"column":2},"end":{"line":8,"column":24}},"3":{"start":{"line":11,"column":0},"end":{"line":15,"column":1}},"4":{"start":{"line":12,"column":2},"end":{"line":14,"column":3}},"5":{"start":{"line":13,"column":4},"end":{"line":13,"column":46}}},"fnMap":{"0":{"name":"(anonymous_0)","decl":{"start":{"line":5,"column":15},"end":{"line":5,"column":16}},"loc":{"start":{"line":5,"column":28},"end":{"line":5,"column":52}},"line":5},"1":{"name":"Extension","decl":{"start":{"line":7,"column":9},"end":{"line":7,"column":18}},"loc":{"start":{"line":7,"column":30},"end":{"line":9,"column":1}},"line":7},"2":{"name":"(anonymous_2)","decl":{"start":{"line":11,"column":27},"end":{"line":11,"column":28}},"loc":{"start":{"line":11,"column":49},"end":{"line":15,"column":1}},"line":11}},"branchMap":{},"s":{"0":2,"1":4,"2":4,"3":2,"4":3,"5":11},"f":{"0":4,"1":4,"2":3},"b":{},"_coverageSchema":"1a1c01bbd47fc00a2c39e90264f33305004495a9","hash":"7baf404a1bdd05959026f86e99fee099380995c9"}
}
