TN:
SF:src/js/core/Pizza.js
FN:7,Pizza
FN:37,(anonymous_1)
FN:52,(anonymous_2)
FN:57,(anonymous_3)
FN:64,(anonymous_4)
FN:73,(anonymous_5)
FN:86,(anonymous_6)
FN:87,(anonymous_7)
FN:95,(anonymous_8)
FN:104,(anonymous_9)
FN:114,(anonymous_10)
FN:116,(anonymous_11)
FN:130,(anonymous_12)
FN:160,(anonymous_13)
FNF:14
FNH:14
FNDA:14,Pizza
FNDA:5,(anonymous_1)
FNDA:3,(anonymous_2)
FNDA:2,(anonymous_3)
FNDA:8,(anonymous_4)
FNDA:9,(anonymous_5)
FNDA:9,(anonymous_6)
FNDA:9,(anonymous_7)
FNDA:9,(anonymous_8)
FNDA:9,(anonymous_9)
FNDA:11,(anonymous_10)
FNDA:9,(anonymous_11)
FNDA:8,(anonymous_12)
FNDA:8,(anonymous_13)
DA:8,14
DA:11,14
DA:12,14
DA:13,14
DA:14,14
DA:20,14
DA:37,3
DA:38,5
DA:42,4
DA:43,4
DA:45,1
DA:46,1
DA:47,0
DA:49,5
DA:52,3
DA:53,3
DA:54,3
DA:57,3
DA:58,2
DA:59,2
DA:60,2
DA:61,2
DA:64,3
DA:65,8
DA:66,8
DA:67,8
DA:68,8
DA:69,8
DA:70,8
DA:73,3
DA:74,9
DA:75,9
DA:76,9
DA:77,9
DA:78,9
DA:79,11
DA:80,11
DA:82,9
DA:83,9
DA:86,3
DA:87,9
DA:88,9
DA:89,0
DA:90,9
DA:91,0
DA:92,0
DA:95,9
DA:96,9
DA:97,5
DA:98,4
DA:99,0
DA:100,0
DA:101,0
DA:104,9
DA:105,9
DA:106,9
DA:107,0
DA:108,0
DA:109,0
DA:110,0
DA:113,9
DA:114,11
DA:115,9
DA:116,9
DA:117,9
DA:118,0
DA:119,1
DA:120,5
DA:122,3
DA:123,3
DA:124,3
DA:127,9
DA:130,3
DA:131,8
DA:132,8
DA:159,8
DA:160,8
DA:161,8
DA:162,8
DA:163,8
DA:164,8
DA:165,8
DA:166,8
DA:167,8
DA:168,8
DA:170,8
DA:171,2
DA:173,8
DA:174,1
DA:175,7
DA:176,8
DA:178,8
DA:179,0
DA:181,8
DA:182,0
DA:184,8
DA:185,8
DA:186,8
DA:187,0
DA:188,0
DA:190,8
DA:193,8
DA:194,0
DA:196,8
DA:197,8
DA:198,8
LF:106
LH:89
BRDA:38,0,0,1
BRDA:38,0,1,3
BRDA:38,0,2,4
BRDA:38,0,3,1
BRDA:38,0,4,0
BRDA:88,1,0,0
BRDA:88,1,1,9
BRDA:88,1,2,0
BRDA:88,1,3,0
BRDA:96,2,0,5
BRDA:96,2,1,4
BRDA:96,2,2,0
BRDA:96,2,3,0
BRDA:96,2,4,0
BRDA:105,3,0,9
BRDA:105,3,1,0
BRDA:105,3,2,0
BRDA:105,3,3,0
BRDA:105,3,4,0
BRDA:115,4,0,9
BRDA:115,4,1,0
BRDA:117,5,0,0
BRDA:117,5,1,1
BRDA:117,5,2,5
BRDA:117,5,3,3
BRDA:170,6,0,2
BRDA:170,6,1,6
BRDA:170,7,0,8
BRDA:170,7,1,7
BRDA:173,8,0,1
BRDA:173,8,1,7
BRDA:175,9,0,0
BRDA:175,9,1,7
BRDA:176,10,0,1
BRDA:176,10,1,7
BRDA:178,11,0,0
BRDA:178,11,1,8
BRDA:178,12,0,8
BRDA:178,12,1,0
BRDA:181,13,0,0
BRDA:181,13,1,8
BRDA:184,14,0,0
BRDA:184,14,1,8
BRDA:185,15,0,0
BRDA:185,15,1,8
BRDA:186,16,0,0
BRDA:186,16,1,8
BRDA:188,17,0,0
BRDA:188,17,1,0
BRDA:193,18,0,0
BRDA:193,18,1,8
BRF:51
BRH:28
end_of_record
TN:
SF:src/js/core/Session.js
FN:12,Session
FN:37,(anonymous_1)
FN:45,(anonymous_2)
FN:52,(anonymous_3)
FN:64,(anonymous_4)
FN:69,(anonymous_5)
FN:72,(anonymous_6)
FN:81,(anonymous_7)
FN:92,(anonymous_8)
FN:99,(anonymous_9)
FN:101,(anonymous_10)
FNF:11
FNH:8
FNDA:13,Session
FNDA:7,(anonymous_1)
FNDA:0,(anonymous_2)
FNDA:5,(anonymous_3)
FNDA:2,(anonymous_4)
FNDA:1,(anonymous_5)
FNDA:1,(anonymous_6)
FNDA:4,(anonymous_7)
FNDA:3,(anonymous_8)
FNDA:0,(anonymous_9)
FNDA:0,(anonymous_10)
DA:5,3
DA:6,3
DA:7,3
DA:8,3
DA:9,3
DA:10,3
DA:13,13
DA:14,13
DA:15,13
DA:19,13
DA:37,3
DA:38,7
DA:39,7
DA:40,6
DA:41,6
DA:45,3
DA:46,0
DA:47,0
DA:48,0
DA:52,3
DA:53,5
DA:54,5
DA:55,4
DA:56,4
DA:57,3
DA:58,3
DA:59,3
DA:60,3
DA:61,3
DA:64,3
DA:65,2
DA:66,2
DA:69,3
DA:70,1
DA:71,1
DA:72,1
DA:73,1
DA:74,1
DA:75,1
DA:76,1
DA:77,1
DA:78,1
DA:81,3
DA:82,4
DA:83,4
DA:84,2
DA:85,2
DA:86,1
DA:87,1
DA:88,1
DA:89,1
DA:92,3
DA:93,3
DA:94,2
DA:95,2
DA:96,2
DA:99,3
DA:100,0
DA:101,0
DA:102,0
DA:104,0
LF:61
LH:54
BRDA:39,0,0,6
BRDA:39,0,1,1
BRDA:46,1,0,0
BRDA:46,1,1,0
BRDA:54,2,0,1
BRDA:54,2,1,4
BRDA:56,3,0,1
BRDA:56,3,1,3
BRDA:71,4,0,0
BRDA:71,4,1,1
BRDA:73,5,0,0
BRDA:73,5,1,1
BRDA:78,6,0,1
BRDA:78,6,1,0
BRDA:83,7,0,2
BRDA:83,7,1,2
BRDA:85,8,0,1
BRDA:85,8,1,1
BRDA:93,9,0,1
BRDA:93,9,1,2
BRDA:95,10,0,0
BRDA:95,10,1,2
BRF:22
BRH:16
end_of_record
TN:
SF:src/js/core/index.js
FNF:0
FNH:0
LF:0
LH:0
BRF:0
BRH:0
end_of_record
TN:
SF:src/js/core/data/priceSheet.js
FNF:0
FNH:0
LF:0
LH:0
BRF:0
BRH:0
end_of_record
TN:
SF:src/js/core/extensions/array.js
FN:4,(anonymous_0)
FN:13,(anonymous_1)
FN:25,(anonymous_2)
FN:35,(anonymous_3)
FNF:4
FNH:4
FNDA:12,(anonymous_0)
FNDA:2,(anonymous_1)
FNDA:17,(anonymous_2)
FNDA:17,(anonymous_3)
DA:4,2
DA:5,12
DA:6,12
DA:7,12
DA:8,14
DA:10,3
DA:13,2
DA:14,2
DA:15,2
DA:16,2
DA:17,5
DA:19,1
DA:20,4
DA:22,1
DA:25,2
DA:26,17
DA:27,17
DA:28,17
DA:29,17
DA:30,50
DA:32,17
DA:35,2
DA:36,17
DA:37,17
DA:38,17
DA:39,17
DA:40,34
DA:42,17
LF:28
LH:28
BRDA:6,0,0,9
BRDA:6,0,1,3
BRDA:8,1,0,9
BRDA:8,1,1,5
BRDA:15,2,0,0
BRDA:15,2,1,2
BRDA:17,3,0,1
BRDA:17,3,1,4
BRDA:20,4,0,0
BRDA:20,4,1,4
BRDA:27,5,0,16
BRDA:27,5,1,1
BRDA:30,6,0,3
BRDA:30,6,1,47
BRDA:37,7,0,8
BRDA:37,7,1,9
BRDA:40,8,0,15
BRDA:40,8,1,19
BRF:18
BRH:16
end_of_record
TN:
SF:src/js/core/extensions/index.js
FN:5,(anonymous_0)
FN:7,Extension
FN:11,(anonymous_2)
FNF:3
FNH:3
FNDA:4,(anonymous_0)
FNDA:4,Extension
FNDA:3,(anonymous_2)
DA:5,4
DA:8,4
DA:11,2
DA:12,3
DA:13,11
LF:5
LH:5
BRF:0
BRH:0
end_of_record
